<?xml version="1.0" encoding="UTF-8"?>
<Data>
  <Results>
    <Glossary>
      <ID>27</ID>
      <Name>Athletics</Name>
      <Category>Skills</Category>
      <Type>Rules Other</Type>
      <SourceBook>Player's Handbook, Rules Compendium</SourceBook>
    </Glossary>
  </Results>
  <Totals>
    <Tab>
      <Table>Class</Table>
      <Total>5</Total>
    </Tab>
    <Tab>
      <Table>EpicDestiny</Table>
      <Total>0</Total>
    </Tab>
    <Tab>
      <Table>Feat</Table>
      <Total>1</Total>
    </Tab>
    <Tab>
      <Table>Item</Table>
      <Total>21</Total>
    </Tab>
    <Tab>
      <Table>ParagonPath</Table>
      <Total>5</Total>
    </Tab>
    <Tab>
      <Table>Power</Table>
      <Total>45</Total>
    </Tab>
    <Tab>
      <Table>Race</Table>
      <Total>1</Total>
    </Tab>
    <Tab>
      <Table>Ritual</Table>
      <Total>1</Total>
    </Tab>
    <Tab>
      <Table>Monster</Table>
      <Total>41</Total>
    </Tab>
    <Tab>
      <Table>Glossary</Table>
      <Total>1</Total>
    </Tab>
    <Tab>
      <Table>Background</Table>
      <Total>0</Total>
    </Tab>
    <Tab>
      <Table>Companion</Table>
      <Total>6</Total>
    </Tab>
    <Tab>
      <Table>Disease</Table>
      <Total>0</Total>
    </Tab>
    <Tab>
      <Table>Theme</Table>
      <Total>3</Total>
    </Tab>
    <Tab>
      <Table>Poison</Table>
      <Total>0</Total>
    </Tab>
    <Tab>
      <Table>Terrain</Table>
      <Total>2</Total>
    </Tab>
    <Tab>
      <Table>Deity</Table>
      <Total>0</Total>
    </Tab>
    <Tab>
      <Table>Trap</Table>
      <Total>36</Total>
    </Tab>
  </Totals>
</Data>